Flow report for XOR
Tue Apr 05 20:43:44 2022
Quartus II 64-Bit Version 13.0.1 Build 232 06/12/2013 Service Pack 1 SJ Web Edition


---------------------
; Table of Contents ;
---------------------
  1. Legal Notice
  2. Flow Summary
  3. Flow Settings
  4. Flow Non-Default Global Settings
  5. Flow Elapsed Time
  6. Flow OS Summary
  7. Flow Log
  8. Flow Messages
  9. Flow Suppressed Messages



----------------
; Legal Notice ;
----------------
Copyright (C) 1991-2013 Altera Corporation
Your use of Altera Corporation's design tools, logic functions 
and other software and tools, and its AMPP partner logic 
functions, and any output files from any of the foregoing 
(including device programming or simulation files), and any 
associated documentation or information are expressly subject 
to the terms and conditions of the Altera Program License 
Subscription Agreement, Altera MegaCore Function License 
Agreement, or other applicable license agreement, including, 
without limitation, that your use is for the sole purpose of 
programming logic devices manufactured by Altera and sold by 
Altera or its authorized distributors.  Please refer to the 
applicable agreement for further details.



+---------------------------------------------------------------------------------------+
; Flow Summary                                                                          ;
+-------------------------------------+-------------------------------------------------+
; Flow Status                         ; Successful - Tue Apr 05 20:43:44 2022           ;
; Quartus II 64-Bit Version           ; 13.0.1 Build 232 06/12/2013 SP 1 SJ Web Edition ;
; Revision Name                       ; XOR                                             ;
; Top-level Entity Name               ; XOR_GATE                                        ;
; Family                              ; Cyclone V                                       ;
; Device                              ; 5CEBA5U19C8                                     ;
; Timing Models                       ; Preliminary                                     ;
; Logic utilization (in ALMs)         ; 1 / 29,080 ( < 1 % )                            ;
; Total registers                     ; 0                                               ;
; Total pins                          ; 4 / 224 ( 2 % )                                 ;
; Total virtual pins                  ; 0                                               ;
; Total block memory bits             ; 0 / 4,567,040 ( 0 % )                           ;
; Total DSP Blocks                    ; 0 / 150 ( 0 % )                                 ;
; Total HSSI RX PCSs                  ; 0                                               ;
; Total HSSI PMA RX Deserializers     ; 0                                               ;
; Total HSSI PMA RX ATT Deserializers ; 0                                               ;
; Total HSSI TX PCSs                  ; 0                                               ;
; Total HSSI PMA TX Serializers       ; 0                                               ;
; Total HSSI PMA TX ATT Serializers   ; 0                                               ;
; Total PLLs                          ; 0 / 6 ( 0 % )                                   ;
; Total DLLs                          ; 0 / 4 ( 0 % )                                   ;
+-------------------------------------+-------------------------------------------------+


+-----------------------------------------+
; Flow Settings                           ;
+-------------------+---------------------+
; Option            ; Setting             ;
+-------------------+---------------------+
; Start date & time ; 04/05/2022 20:34:31 ;
; Main task         ; Compilation         ;
; Revision Name     ; XOR                 ;
+-------------------+---------------------+


+-----------------------------------------------------------------------------------------------------------------+
; Flow Non-Default Global Settings                                                                                ;
+-------------------------------------+--------------------------------+---------------+-------------+------------+
; Assignment Name                     ; Value                          ; Default Value ; Entity Name ; Section Id ;
+-------------------------------------+--------------------------------+---------------+-------------+------------+
; COMPILER_SIGNATURE_ID               ; 40637542853688.164920167145572 ; --            ; --          ; --         ;
; MAX_CORE_JUNCTION_TEMP              ; 85                             ; --            ; --          ; --         ;
; MIN_CORE_JUNCTION_TEMP              ; 0                              ; --            ; --          ; --         ;
; PARTITION_COLOR                     ; 16764057                       ; --            ; XOR_GATE    ; Top        ;
; PARTITION_FITTER_PRESERVATION_LEVEL ; PLACEMENT_AND_ROUTING          ; --            ; XOR_GATE    ; Top        ;
; PARTITION_NETLIST_TYPE              ; SOURCE                         ; --            ; XOR_GATE    ; Top        ;
; PROJECT_OUTPUT_DIRECTORY            ; output_files                   ; --            ; --          ; --         ;
; TOP_LEVEL_ENTITY                    ; XOR_GATE                       ; XOR           ; --          ; --         ;
+-------------------------------------+--------------------------------+---------------+-------------+------------+


+-------------------------------------------------------------------------------------------------------------------------------+
; Flow Elapsed Time                                                                                                             ;
+---------------------------+--------------+-------------------------+---------------------+------------------------------------+
; Module Name               ; Elapsed Time ; Average Processors Used ; Peak Virtual Memory ; Total CPU Time (on all processors) ;
+---------------------------+--------------+-------------------------+---------------------+------------------------------------+
; Analysis & Synthesis      ; 00:00:26     ; 1.0                     ; 4675 MB             ; 00:00:04                           ;
; Fitter                    ; 00:04:12     ; 1.0                     ; 5764 MB             ; 00:01:19                           ;
; Assembler                 ; 00:00:48     ; 1.0                     ; 4741 MB             ; 00:00:16                           ;
; TimeQuest Timing Analyzer ; 00:01:02     ; 1.0                     ; 5135 MB             ; 00:00:18                           ;
; EDA Netlist Writer        ; 00:00:02     ; 1.0                     ; 4583 MB             ; 00:00:02                           ;
; EDA Netlist Writer        ; 00:00:02     ; 1.0                     ; 4583 MB             ; 00:00:02                           ;
; Total                     ; 00:06:32     ; --                      ; --                  ; 00:02:01                           ;
+---------------------------+--------------+-------------------------+---------------------+------------------------------------+


+----------------------------------------------------------------------------------------+
; Flow OS Summary                                                                        ;
+---------------------------+------------------+-----------+------------+----------------+
; Module Name               ; Machine Hostname ; OS Name   ; OS Version ; Processor type ;
+---------------------------+------------------+-----------+------------+----------------+
; Analysis & Synthesis      ; DESKTOP-LP40AUK  ; Windows 7 ; 6.2        ; x86_64         ;
; Fitter                    ; DESKTOP-LP40AUK  ; Windows 7 ; 6.2        ; x86_64         ;
; Assembler                 ; DESKTOP-LP40AUK  ; Windows 7 ; 6.2        ; x86_64         ;
; TimeQuest Timing Analyzer ; DESKTOP-LP40AUK  ; Windows 7 ; 6.2        ; x86_64         ;
; EDA Netlist Writer        ; DESKTOP-LP40AUK  ; Windows 7 ; 6.2        ; x86_64         ;
; EDA Netlist Writer        ; DESKTOP-LP40AUK  ; Windows 7 ; 6.2        ; x86_64         ;
+---------------------------+------------------+-----------+------------+----------------+


------------
; Flow Log ;
------------
quartus_map --read_settings_files=on --write_settings_files=off XOR -c XOR
quartus_fit --read_settings_files=off --write_settings_files=off XOR -c XOR
quartus_asm --read_settings_files=off --write_settings_files=off XOR -c XOR
quartus_sta XOR -c XOR
quartus_eda --gen_testbench --check_outputs=on --tool=modelsim_oem --format=verilog XOR -c XOR --vector_source=C:/Users/JGSN_SD/Git/VHDL/XOR_Gate/XOR_Gate.vwf --testbench_file=./simulation/qsim/XOR.vt
quartus_eda --functional=on --simulation=on --tool=modelsim_oem --format=verilog XOR -c XOR



