Flow report for dff
Sat May 28 22:44:11 2022
Quartus II 64-Bit Version 13.0.1 Build 232 06/12/2013 Service Pack 1 SJ Web Edition


---------------------
; Table of Contents ;
---------------------
  1. Legal Notice
  2. Flow Summary
  3. Flow Settings
  4. Flow Non-Default Global Settings
  5. Flow Elapsed Time
  6. Flow OS Summary
  7. Flow Log
  8. Flow Messages
  9. Flow Suppressed Messages



----------------
; Legal Notice ;
----------------
Copyright (C) 1991-2013 Altera Corporation
Your use of Altera Corporation's design tools, logic functions 
and other software and tools, and its AMPP partner logic 
functions, and any output files from any of the foregoing 
(including device programming or simulation files), and any 
associated documentation or information are expressly subject 
to the terms and conditions of the Altera Program License 
Subscription Agreement, Altera MegaCore Function License 
Agreement, or other applicable license agreement, including, 
without limitation, that your use is for the sole purpose of 
programming logic devices manufactured by Altera and sold by 
Altera or its authorized distributors.  Please refer to the 
applicable agreement for further details.



+---------------------------------------------------------------------------------------+
; Flow Summary                                                                          ;
+-------------------------------------+-------------------------------------------------+
; Flow Status                         ; Successful - Sat May 28 22:44:11 2022           ;
; Quartus II 64-Bit Version           ; 13.0.1 Build 232 06/12/2013 SP 1 SJ Web Edition ;
; Revision Name                       ; dff                                             ;
; Top-level Entity Name               ; dff_8                                           ;
; Family                              ; Cyclone V                                       ;
; Device                              ; 5CSEBA5U19C7                                    ;
; Timing Models                       ; Preliminary                                     ;
; Logic utilization (in ALMs)         ; 3 / 32,070 ( < 1 % )                            ;
; Total registers                     ; 8                                               ;
; Total pins                          ; 18 / 205 ( 9 % )                                ;
; Total virtual pins                  ; 0                                               ;
; Total block memory bits             ; 0 / 4,065,280 ( 0 % )                           ;
; Total DSP Blocks                    ; 0 / 87 ( 0 % )                                  ;
; Total HSSI RX PCSs                  ; 0                                               ;
; Total HSSI PMA RX Deserializers     ; 0                                               ;
; Total HSSI PMA RX ATT Deserializers ; 0                                               ;
; Total HSSI TX PCSs                  ; 0                                               ;
; Total HSSI PMA TX Serializers       ; 0                                               ;
; Total HSSI PMA TX ATT Serializers   ; 0                                               ;
; Total PLLs                          ; 0 / 6 ( 0 % )                                   ;
; Total DLLs                          ; 0 / 4 ( 0 % )                                   ;
+-------------------------------------+-------------------------------------------------+


+-----------------------------------------+
; Flow Settings                           ;
+-------------------+---------------------+
; Option            ; Setting             ;
+-------------------+---------------------+
; Start date & time ; 05/28/2022 22:12:59 ;
; Main task         ; Compilation         ;
; Revision Name     ; dff                 ;
+-------------------+---------------------+


+-----------------------------------------------------------------------------------------------------------------+
; Flow Non-Default Global Settings                                                                                ;
+-------------------------------------+--------------------------------+---------------+-------------+------------+
; Assignment Name                     ; Value                          ; Default Value ; Entity Name ; Section Id ;
+-------------------------------------+--------------------------------+---------------+-------------+------------+
; COMPILER_SIGNATURE_ID               ; 40637542853688.165378677626364 ; --            ; --          ; --         ;
; MAX_CORE_JUNCTION_TEMP              ; 85                             ; --            ; --          ; --         ;
; MIN_CORE_JUNCTION_TEMP              ; 0                              ; --            ; --          ; --         ;
; PARTITION_COLOR                     ; 16764057                       ; --            ; dff_8       ; Top        ;
; PARTITION_FITTER_PRESERVATION_LEVEL ; PLACEMENT_AND_ROUTING          ; --            ; dff_8       ; Top        ;
; PARTITION_NETLIST_TYPE              ; SOURCE                         ; --            ; dff_8       ; Top        ;
; PROJECT_OUTPUT_DIRECTORY            ; output_files                   ; --            ; --          ; --         ;
; TOP_LEVEL_ENTITY                    ; dff_8                          ; dff           ; --          ; --         ;
+-------------------------------------+--------------------------------+---------------+-------------+------------+


+-------------------------------------------------------------------------------------------------------------------------------+
; Flow Elapsed Time                                                                                                             ;
+---------------------------+--------------+-------------------------+---------------------+------------------------------------+
; Module Name               ; Elapsed Time ; Average Processors Used ; Peak Virtual Memory ; Total CPU Time (on all processors) ;
+---------------------------+--------------+-------------------------+---------------------+------------------------------------+
; Analysis & Synthesis      ; 00:00:37     ; 1.0                     ; 4675 MB             ; 00:00:04                           ;
; Fitter                    ; 00:06:11     ; 1.0                     ; 5848 MB             ; 00:01:49                           ;
; Assembler                 ; 00:00:05     ; 1.0                     ; 4585 MB             ; 00:00:02                           ;
; TimeQuest Timing Analyzer ; 00:00:52     ; 1.0                     ; 5167 MB             ; 00:00:17                           ;
; EDA Netlist Writer        ; 00:00:02     ; 1.0                     ; 4577 MB             ; 00:00:02                           ;
; EDA Netlist Writer        ; 00:00:07     ; 1.0                     ; 4577 MB             ; 00:00:02                           ;
; EDA Netlist Writer        ; 00:00:03     ; 1.0                     ; 4577 MB             ; 00:00:02                           ;
; EDA Netlist Writer        ; 00:00:04     ; 1.0                     ; 4577 MB             ; 00:00:02                           ;
; Total                     ; 00:08:01     ; --                      ; --                  ; 00:02:20                           ;
+---------------------------+--------------+-------------------------+---------------------+------------------------------------+


+----------------------------------------------------------------------------------------+
; Flow OS Summary                                                                        ;
+---------------------------+------------------+-----------+------------+----------------+
; Module Name               ; Machine Hostname ; OS Name   ; OS Version ; Processor type ;
+---------------------------+------------------+-----------+------------+----------------+
; Analysis & Synthesis      ; DESKTOP-LP40AUK  ; Windows 7 ; 6.2        ; x86_64         ;
; Fitter                    ; DESKTOP-LP40AUK  ; Windows 7 ; 6.2        ; x86_64         ;
; Assembler                 ; DESKTOP-LP40AUK  ; Windows 7 ; 6.2        ; x86_64         ;
; TimeQuest Timing Analyzer ; DESKTOP-LP40AUK  ; Windows 7 ; 6.2        ; x86_64         ;
; EDA Netlist Writer        ; DESKTOP-LP40AUK  ; Windows 7 ; 6.2        ; x86_64         ;
; EDA Netlist Writer        ; DESKTOP-LP40AUK  ; Windows 7 ; 6.2        ; x86_64         ;
; EDA Netlist Writer        ; DESKTOP-LP40AUK  ; Windows 7 ; 6.2        ; x86_64         ;
; EDA Netlist Writer        ; DESKTOP-LP40AUK  ; Windows 7 ; 6.2        ; x86_64         ;
+---------------------------+------------------+-----------+------------+----------------+


------------
; Flow Log ;
------------
quartus_map --read_settings_files=on --write_settings_files=off dff -c dff
quartus_fit --read_settings_files=off --write_settings_files=off dff -c dff
quartus_asm --read_settings_files=off --write_settings_files=off dff -c dff
quartus_sta dff -c dff
quartus_eda --gen_testbench --check_outputs=on --tool=modelsim_oem --format=verilog dff -c dff --vector_source=C:/Users/JGSN_SD/Git/VHDL/dff/dff_8.vwf --testbench_file=./simulation/qsim/dff.vt
quartus_eda --functional=on --simulation=on --tool=modelsim_oem --format=verilog dff -c dff
quartus_eda --gen_testbench --check_outputs=on --tool=modelsim_oem --format=verilog dff -c dff --vector_source=C:/Users/JGSN_SD/Git/VHDL/dff/dff_8.vwf --testbench_file=./simulation/qsim/dff.vt
quartus_eda --functional=on --simulation=on --tool=modelsim_oem --format=verilog dff -c dff



